<?xml version="1.0" encoding="UTF-8"?>
<!-- Generated by org.testng.reporters.JUnitReportReporter -->
<testsuite skipped="0" hostname="sudheer-PC" name="testng_scenarios.ValidationCommandsTest" tests="1" failures="0" timestamp="20 Nov 2017 17:43:02 GMT" time="0.277" errors="0">
  <testcase name="validatingoneway" time="0.277" classname="testng_scenarios.ValidationCommandsTest"/>
</testsuite> <!-- testng_scenarios.ValidationCommandsTest -->
