<?xml version="1.0" encoding="UTF-8"?>
<!-- Generated by org.testng.reporters.JUnitReportReporter -->
<testsuite skipped="0" hostname="sudheer-PC" name="testng_scenarios.TestngGroupTest" tests="4" failures="0" timestamp="20 Nov 2017 17:43:02 GMT" time="0.010" errors="0">
  <testcase name="f" time="0.006" classname="testng_scenarios.TestngGroupTest"/>
  <testcase name="g" time="0.001" classname="testng_scenarios.TestngGroupTest"/>
  <testcase name="i" time="0.001" classname="testng_scenarios.TestngGroupTest"/>
  <testcase name="h" time="0.002" classname="testng_scenarios.TestngGroupTest"/>
</testsuite> <!-- testng_scenarios.TestngGroupTest -->
