<?xml version="1.0" encoding="UTF-8"?>
<!-- Generated by org.testng.reporters.JUnitReportReporter -->
<testsuite skipped="0" hostname="sudheer-PC" name="actions.Actions_spicejet" tests="1" failures="0" timestamp="27 Oct 2017 11:48:15 GMT" time="6.202" errors="0">
  <testcase name="action" time="6.202" classname="actions.Actions_spicejet"/>
</testsuite> <!-- actions.Actions_spicejet -->
