<?xml version="1.0" encoding="UTF-8"?>
<!-- Generated by org.testng.reporters.JUnitReportReporter -->
<testsuite skipped="0" hostname="sudheer-PC" name="ORANGE_HRMS.MAVEN.Login_hrmstest" tests="2" failures="0" timestamp="26 Oct 2017 12:42:44 GMT" time="9.602" errors="0">
  <testcase name="login" time="4.358" classname="ORANGE_HRMS.MAVEN.Login_hrmstest"/>
  <testcase name="Assignleave" time="5.244" classname="ORANGE_HRMS.MAVEN.Login_hrmstest"/>
</testsuite> <!-- ORANGE_HRMS.MAVEN.Login_hrmstest -->
