<?xml version="1.0" encoding="UTF-8"?>
<!-- Generated by org.testng.reporters.JUnitReportReporter -->
<testsuite skipped="0" hostname="sudheer-PC" name="testng_scenarios.RobotTest" tests="1" failures="0" timestamp="27 Nov 2017 09:56:32 GMT" time="15.863" errors="0">
  <testcase name="f" time="15.863" classname="testng_scenarios.RobotTest"/>
</testsuite> <!-- testng_scenarios.RobotTest -->
